{"contracts/BuildingsData.sol":{"l":{"54":1,"78":803,"79":802,"93":788,"106":788,"107":788,"129":14,"131":13,"132":13,"134":13,"156":13,"157":1,"159":13,"160":1,"162":13,"163":1,"165":13,"166":1,"168":13,"169":1,"192":13,"193":1,"195":13,"196":1,"198":13,"199":1,"201":13,"202":1,"204":13,"205":1,"207":13,"208":1,"210":13,"211":1,"213":13,"214":1,"225":614,"226":605,"237":3,"239":2,"251":81,"252":80,"267":224,"268":223,"272":278},"path":"/Users/lbertenasco/Experimental/crypto-wars-solidity/contracts/BuildingsData.sol","s":{"1":1,"2":803,"3":802,"4":800,"5":799,"6":798,"7":797,"8":796,"9":795,"10":794,"11":793,"12":792,"13":791,"14":790,"15":789,"16":788,"17":788,"18":14,"19":13,"20":13,"21":13,"22":13,"23":1,"24":13,"25":1,"26":13,"27":1,"28":13,"29":1,"30":13,"31":1,"32":13,"33":1,"34":13,"35":1,"36":13,"37":1,"38":13,"39":1,"40":13,"41":1,"42":13,"43":1,"44":13,"45":1,"46":13,"47":1,"48":614,"49":605,"50":3,"51":2,"52":81,"53":80,"54":224,"55":223,"56":278},"b":{"1":[802,1],"2":[800,2],"3":[799,1],"4":[798,1],"5":[797,1],"6":[796,1],"7":[795,1],"8":[794,1],"9":[793,1],"10":[792,1],"11":[791,1],"12":[790,1],"13":[789,1],"14":[788,1],"15":[13,1],"16":[1,12],"17":[1,12],"18":[1,12],"19":[1,12],"20":[1,12],"21":[1,12],"22":[1,12],"23":[1,12],"24":[1,12],"25":[1,12],"26":[1,12],"27":[1,12],"28":[1,12],"29":[605,9],"30":[2,1],"31":[80,1],"32":[223,1]},"f":{"1":123,"2":1,"3":803,"4":14,"5":13,"6":13,"7":614,"8":3,"9":81,"10":224,"11":278},"fnMap":{"1":{"name":"BuildingsData","line":47,"loc":{"start":{"line":47,"column":2},"end":{"line":47,"column":26}}},"2":{"name":"getBuildingIdsLength","line":53,"loc":{"start":{"line":53,"column":2},"end":{"line":53,"column":63}}},"3":{"name":"addBuilding","line":74,"loc":{"start":{"line":74,"column":2},"end":{"line":76,"column":58}}},"4":{"name":"updateBuilding","line":126,"loc":{"start":{"line":126,"column":2},"end":{"line":128,"column":61}}},"5":{"name":"updateBuildingBasicsA","line":155,"loc":{"start":{"line":155,"column":2},"end":{"line":155,"column":78}}},"6":{"name":"updateBuildingBasicsB","line":191,"loc":{"start":{"line":191,"column":2},"end":{"line":191,"column":65}}},"7":{"name":"checkBuildingExist","line":224,"loc":{"start":{"line":224,"column":2},"end":{"line":224,"column":63}}},"8":{"name":"checkUpgrade","line":236,"loc":{"start":{"line":236,"column":2},"end":{"line":236,"column":76}}},"9":{"name":"getBuildingData","line":248,"loc":{"start":{"line":248,"column":2},"end":{"line":250,"column":69}}},"10":{"name":"getGoldAndCrystalRates","line":265,"loc":{"start":{"line":265,"column":2},"end":{"line":266,"column":81}}},"11":{"name":"getBuildingTypeId","line":271,"loc":{"start":{"line":271,"column":2},"end":{"line":271,"column":62}}}},"statementMap":{"1":{"start":{"line":54,"column":4},"end":{"line":54,"column":29}},"2":{"start":{"line":78,"column":4},"end":{"line":78,"column":58}},"3":{"start":{"line":79,"column":4},"end":{"line":79,"column":44}},"4":{"start":{"line":80,"column":4},"end":{"line":80,"column":25}},"5":{"start":{"line":81,"column":4},"end":{"line":81,"column":25}},"6":{"start":{"line":82,"column":4},"end":{"line":82,"column":25}},"7":{"start":{"line":83,"column":4},"end":{"line":83,"column":25}},"8":{"start":{"line":84,"column":4},"end":{"line":84,"column":25}},"9":{"start":{"line":85,"column":4},"end":{"line":85,"column":25}},"10":{"start":{"line":86,"column":4},"end":{"line":86,"column":25}},"11":{"start":{"line":87,"column":4},"end":{"line":87,"column":25}},"12":{"start":{"line":88,"column":4},"end":{"line":88,"column":25}},"13":{"start":{"line":89,"column":4},"end":{"line":89,"column":25}},"14":{"start":{"line":90,"column":4},"end":{"line":90,"column":26}},"15":{"start":{"line":91,"column":4},"end":{"line":91,"column":26}},"16":{"start":{"line":93,"column":4},"end":{"line":93,"column":2628}},"17":{"start":{"line":107,"column":4},"end":{"line":107,"column":24}},"18":{"start":{"line":129,"column":4},"end":{"line":129,"column":58}},"19":{"start":{"line":131,"column":4},"end":{"line":131,"column":41}},"20":{"start":{"line":132,"column":4},"end":{"line":132,"column":35}},"21":{"start":{"line":134,"column":4},"end":{"line":134,"column":27}},"22":{"start":{"line":156,"column":6},"end":{"line":156,"column":4595}},"23":{"start":{"line":157,"column":8},"end":{"line":157,"column":32}},"24":{"start":{"line":159,"column":6},"end":{"line":159,"column":4684}},"25":{"start":{"line":160,"column":8},"end":{"line":160,"column":38}},"26":{"start":{"line":162,"column":6},"end":{"line":162,"column":4796}},"27":{"start":{"line":163,"column":8},"end":{"line":163,"column":39}},"28":{"start":{"line":165,"column":6},"end":{"line":165,"column":4910}},"29":{"start":{"line":166,"column":8},"end":{"line":166,"column":38}},"30":{"start":{"line":168,"column":6},"end":{"line":168,"column":5022}},"31":{"start":{"line":169,"column":8},"end":{"line":169,"column":44}},"32":{"start":{"line":192,"column":6},"end":{"line":192,"column":5808}},"33":{"start":{"line":193,"column":8},"end":{"line":193,"column":53}},"34":{"start":{"line":195,"column":6},"end":{"line":195,"column":5950}},"35":{"start":{"line":196,"column":8},"end":{"line":196,"column":40}},"36":{"start":{"line":198,"column":6},"end":{"line":198,"column":6066}},"37":{"start":{"line":199,"column":8},"end":{"line":199,"column":43}},"38":{"start":{"line":201,"column":6},"end":{"line":201,"column":6188}},"39":{"start":{"line":202,"column":8},"end":{"line":202,"column":37}},"40":{"start":{"line":204,"column":6},"end":{"line":204,"column":6298}},"41":{"start":{"line":205,"column":8},"end":{"line":205,"column":40}},"42":{"start":{"line":207,"column":6},"end":{"line":207,"column":6414}},"43":{"start":{"line":208,"column":8},"end":{"line":208,"column":38}},"44":{"start":{"line":210,"column":6},"end":{"line":210,"column":6526}},"45":{"start":{"line":211,"column":8},"end":{"line":211,"column":48}},"46":{"start":{"line":213,"column":6},"end":{"line":213,"column":6659}},"47":{"start":{"line":214,"column":8},"end":{"line":214,"column":39}},"48":{"start":{"line":225,"column":4},"end":{"line":225,"column":59}},"49":{"start":{"line":226,"column":4},"end":{"line":226,"column":15}},"50":{"start":{"line":237,"column":4},"end":{"line":237,"column":65}},"51":{"start":{"line":239,"column":4},"end":{"line":239,"column":15}},"52":{"start":{"line":251,"column":4},"end":{"line":251,"column":59}},"53":{"start":{"line":252,"column":4},"end":{"line":252,"column":8057}},"54":{"start":{"line":267,"column":4},"end":{"line":267,"column":59}},"55":{"start":{"line":268,"column":4},"end":{"line":268,"column":76}},"56":{"start":{"line":272,"column":4},"end":{"line":272,"column":38}}},"branchMap":{"1":{"line":78,"type":"if","locations":[{"start":{"line":78,"column":4},"end":{"line":78,"column":4}},{"start":{"line":78,"column":4},"end":{"line":78,"column":4}}]},"2":{"line":79,"type":"if","locations":[{"start":{"line":79,"column":4},"end":{"line":79,"column":4}},{"start":{"line":79,"column":4},"end":{"line":79,"column":4}}]},"3":{"line":80,"type":"if","locations":[{"start":{"line":80,"column":4},"end":{"line":80,"column":4}},{"start":{"line":80,"column":4},"end":{"line":80,"column":4}}]},"4":{"line":81,"type":"if","locations":[{"start":{"line":81,"column":4},"end":{"line":81,"column":4}},{"start":{"line":81,"column":4},"end":{"line":81,"column":4}}]},"5":{"line":82,"type":"if","locations":[{"start":{"line":82,"column":4},"end":{"line":82,"column":4}},{"start":{"line":82,"column":4},"end":{"line":82,"column":4}}]},"6":{"line":83,"type":"if","locations":[{"start":{"line":83,"column":4},"end":{"line":83,"column":4}},{"start":{"line":83,"column":4},"end":{"line":83,"column":4}}]},"7":{"line":84,"type":"if","locations":[{"start":{"line":84,"column":4},"end":{"line":84,"column":4}},{"start":{"line":84,"column":4},"end":{"line":84,"column":4}}]},"8":{"line":85,"type":"if","locations":[{"start":{"line":85,"column":4},"end":{"line":85,"column":4}},{"start":{"line":85,"column":4},"end":{"line":85,"column":4}}]},"9":{"line":86,"type":"if","locations":[{"start":{"line":86,"column":4},"end":{"line":86,"column":4}},{"start":{"line":86,"column":4},"end":{"line":86,"column":4}}]},"10":{"line":87,"type":"if","locations":[{"start":{"line":87,"column":4},"end":{"line":87,"column":4}},{"start":{"line":87,"column":4},"end":{"line":87,"column":4}}]},"11":{"line":88,"type":"if","locations":[{"start":{"line":88,"column":4},"end":{"line":88,"column":4}},{"start":{"line":88,"column":4},"end":{"line":88,"column":4}}]},"12":{"line":89,"type":"if","locations":[{"start":{"line":89,"column":4},"end":{"line":89,"column":4}},{"start":{"line":89,"column":4},"end":{"line":89,"column":4}}]},"13":{"line":90,"type":"if","locations":[{"start":{"line":90,"column":4},"end":{"line":90,"column":4}},{"start":{"line":90,"column":4},"end":{"line":90,"column":4}}]},"14":{"line":91,"type":"if","locations":[{"start":{"line":91,"column":4},"end":{"line":91,"column":4}},{"start":{"line":91,"column":4},"end":{"line":91,"column":4}}]},"15":{"line":129,"type":"if","locations":[{"start":{"line":129,"column":4},"end":{"line":129,"column":4}},{"start":{"line":129,"column":4},"end":{"line":129,"column":4}}]},"16":{"line":156,"type":"if","locations":[{"start":{"line":156,"column":6},"end":{"line":156,"column":6}},{"start":{"line":156,"column":6},"end":{"line":156,"column":6}}]},"17":{"line":159,"type":"if","locations":[{"start":{"line":159,"column":6},"end":{"line":159,"column":6}},{"start":{"line":159,"column":6},"end":{"line":159,"column":6}}]},"18":{"line":162,"type":"if","locations":[{"start":{"line":162,"column":6},"end":{"line":162,"column":6}},{"start":{"line":162,"column":6},"end":{"line":162,"column":6}}]},"19":{"line":165,"type":"if","locations":[{"start":{"line":165,"column":6},"end":{"line":165,"column":6}},{"start":{"line":165,"column":6},"end":{"line":165,"column":6}}]},"20":{"line":168,"type":"if","locations":[{"start":{"line":168,"column":6},"end":{"line":168,"column":6}},{"start":{"line":168,"column":6},"end":{"line":168,"column":6}}]},"21":{"line":192,"type":"if","locations":[{"start":{"line":192,"column":6},"end":{"line":192,"column":6}},{"start":{"line":192,"column":6},"end":{"line":192,"column":6}}]},"22":{"line":195,"type":"if","locations":[{"start":{"line":195,"column":6},"end":{"line":195,"column":6}},{"start":{"line":195,"column":6},"end":{"line":195,"column":6}}]},"23":{"line":198,"type":"if","locations":[{"start":{"line":198,"column":6},"end":{"line":198,"column":6}},{"start":{"line":198,"column":6},"end":{"line":198,"column":6}}]},"24":{"line":201,"type":"if","locations":[{"start":{"line":201,"column":6},"end":{"line":201,"column":6}},{"start":{"line":201,"column":6},"end":{"line":201,"column":6}}]},"25":{"line":204,"type":"if","locations":[{"start":{"line":204,"column":6},"end":{"line":204,"column":6}},{"start":{"line":204,"column":6},"end":{"line":204,"column":6}}]},"26":{"line":207,"type":"if","locations":[{"start":{"line":207,"column":6},"end":{"line":207,"column":6}},{"start":{"line":207,"column":6},"end":{"line":207,"column":6}}]},"27":{"line":210,"type":"if","locations":[{"start":{"line":210,"column":6},"end":{"line":210,"column":6}},{"start":{"line":210,"column":6},"end":{"line":210,"column":6}}]},"28":{"line":213,"type":"if","locations":[{"start":{"line":213,"column":6},"end":{"line":213,"column":6}},{"start":{"line":213,"column":6},"end":{"line":213,"column":6}}]},"29":{"line":225,"type":"if","locations":[{"start":{"line":225,"column":4},"end":{"line":225,"column":4}},{"start":{"line":225,"column":4},"end":{"line":225,"column":4}}]},"30":{"line":237,"type":"if","locations":[{"start":{"line":237,"column":4},"end":{"line":237,"column":4}},{"start":{"line":237,"column":4},"end":{"line":237,"column":4}}]},"31":{"line":251,"type":"if","locations":[{"start":{"line":251,"column":4},"end":{"line":251,"column":4}},{"start":{"line":251,"column":4},"end":{"line":251,"column":4}}]},"32":{"line":267,"type":"if","locations":[{"start":{"line":267,"column":4},"end":{"line":267,"column":4}},{"start":{"line":267,"column":4},"end":{"line":267,"column":4}}]}}},"contracts/BuildingsQueue.sol":{"l":{"75":58,"84":58,"93":58,"102":63,"104":62,"106":62,"108":61,"109":61,"110":61,"111":61,"114":61,"116":59,"117":59,"118":59,"120":59,"127":59,"143":6,"144":5,"146":4,"147":4,"149":4,"150":3,"153":4,"154":4,"156":4,"157":1,"158":1,"161":3,"162":3,"163":3,"164":3,"167":3,"169":3,"171":3,"183":5,"184":4,"185":3,"187":2,"188":2,"189":2,"191":2,"192":1,"195":2,"197":2,"198":2,"199":2,"200":2,"201":2,"203":2,"204":2,"206":2,"210":2,"221":10,"223":9,"224":9,"226":9,"228":9,"230":9,"231":7,"232":6,"234":7,"237":9,"238":9,"240":9,"241":9,"243":9,"245":8,"259":14,"260":17,"261":11,"264":3,"275":6,"276":6,"278":7,"279":7,"280":4,"281":1,"283":4,"284":3,"286":4,"288":3,"289":3,"304":3,"306":3,"307":1,"309":3,"310":3,"312":3,"313":3,"324":7,"325":17,"326":7,"328":10,"331":7,"332":7,"342":6,"343":5,"345":4,"346":4,"360":63,"361":62,"362":61,"363":32,"365":60,"366":28,"368":60,"369":1,"381":61,"382":61,"383":61,"384":28,"385":28,"386":27,"389":61,"398":5,"400":4,"401":4,"402":4,"403":5,"405":4,"415":2,"417":1,"418":1,"419":1,"420":1,"421":1,"422":1,"424":1,"435":7,"437":6,"438":6,"439":6,"440":6,"441":6,"442":21,"443":21,"444":21,"446":6,"457":2,"458":1,"470":5,"471":4,"473":3,"485":77,"486":77,"487":77,"488":77,"491":77,"492":69,"493":8,"495":8,"496":7,"498":1,"502":8,"503":8,"504":4,"507":8,"508":4,"514":77},"path":"/Users/lbertenasco/Experimental/crypto-wars-solidity/contracts/BuildingsQueue.sol","s":{"1":58,"2":58,"3":58,"4":63,"5":62,"6":62,"7":61,"8":61,"9":59,"10":59,"11":59,"12":59,"13":6,"14":5,"15":4,"16":4,"17":4,"18":4,"19":4,"20":4,"21":1,"22":1,"23":3,"24":3,"25":3,"26":3,"27":3,"28":3,"29":3,"30":5,"31":4,"32":3,"33":2,"34":2,"35":1,"36":2,"37":2,"38":2,"39":2,"40":2,"41":2,"42":10,"43":9,"44":9,"45":7,"46":6,"47":7,"48":9,"49":9,"50":9,"51":9,"52":8,"53":14,"54":17,"55":11,"56":3,"57":6,"58":7,"59":7,"60":4,"61":1,"62":4,"63":3,"64":4,"65":3,"66":3,"67":3,"68":3,"69":1,"70":3,"71":3,"72":3,"73":7,"74":17,"75":10,"76":7,"77":7,"78":6,"79":5,"80":4,"81":4,"82":63,"83":62,"84":61,"85":32,"86":60,"87":28,"88":60,"89":1,"90":61,"91":61,"92":61,"93":28,"94":28,"95":27,"96":61,"97":5,"98":4,"99":4,"100":4,"101":5,"102":4,"103":2,"104":1,"105":1,"106":1,"107":1,"108":1,"109":1,"110":1,"111":7,"112":6,"113":6,"114":6,"115":6,"116":6,"117":21,"118":21,"119":21,"120":6,"121":2,"122":1,"123":5,"124":4,"125":3,"126":77,"127":77,"128":69,"129":8,"130":8,"131":7,"132":1,"133":8,"134":8,"135":4,"136":8,"137":4,"138":77},"b":{"1":[62,1],"2":[61,1],"3":[5,1],"4":[4,1],"5":[1,3],"6":[3,0],"7":[3,0],"8":[4,1],"9":[3,1],"10":[2,1],"11":[1,1],"12":[2,0],"13":[9,1],"14":[7,2],"15":[6,1],"16":[7,0],"17":[11,6],"18":[4,3],"19":[1,3],"20":[3,1],"21":[3,0],"22":[7,10],"23":[5,1],"24":[4,1],"25":[62,1],"26":[61,1],"27":[32,29],"28":[31,1],"29":[28,32],"30":[28,0],"31":[1,59],"32":[1,0],"33":[28,33],"34":[27,1],"35":[4,1],"36":[1,1],"37":[6,1],"38":[1,1],"39":[4,1],"40":[3,1],"41":[8,61],"42":[7,1],"43":[8,0],"44":[4,4],"45":[4,4]},"f":{"1":58,"2":58,"3":58,"4":63,"5":6,"6":5,"7":10,"8":14,"9":6,"10":3,"11":7,"12":6,"13":63,"14":61,"15":5,"16":2,"17":7,"18":2,"19":5,"20":77},"fnMap":{"1":{"name":"setUserBuildings","line":74,"loc":{"start":{"line":74,"column":2},"end":{"line":74,"column":70}}},"2":{"name":"setBuildingsData","line":83,"loc":{"start":{"line":83,"column":2},"end":{"line":83,"column":70}}},"3":{"name":"setUserResources","line":92,"loc":{"start":{"line":92,"column":2},"end":{"line":92,"column":70}}},"4":{"name":"addNewBuildingToQueue","line":101,"loc":{"start":{"line":101,"column":2},"end":{"line":101,"column":51}}},"5":{"name":"updateQueue","line":142,"loc":{"start":{"line":142,"column":2},"end":{"line":142,"column":44}}},"6":{"name":"upgradeBuilding","line":182,"loc":{"start":{"line":182,"column":2},"end":{"line":182,"column":77}}},"7":{"name":"removeBuilding","line":220,"loc":{"start":{"line":220,"column":2},"end":{"line":220,"column":57}}},"8":{"name":"findBuildingInQueue","line":258,"loc":{"start":{"line":258,"column":2},"end":{"line":258,"column":121}}},"9":{"name":"updateQueueBlocks","line":274,"loc":{"start":{"line":274,"column":2},"end":{"line":274,"column":70}}},"10":{"name":"shiftUserBuildings","line":303,"loc":{"start":{"line":303,"column":2},"end":{"line":303,"column":91}}},"11":{"name":"shiftOneUserBuilding","line":323,"loc":{"start":{"line":323,"column":2},"end":{"line":323,"column":83}}},"12":{"name":"getLastUserBuilding","line":339,"loc":{"start":{"line":339,"column":2},"end":{"line":341,"column":80}}},"13":{"name":"consumeResources","line":359,"loc":{"start":{"line":359,"column":2},"end":{"line":359,"column":84}}},"14":{"name":"getStartBlock","line":380,"loc":{"start":{"line":380,"column":2},"end":{"line":380,"column":63}}},"15":{"name":"getBuildingsInQueue","line":397,"loc":{"start":{"line":397,"column":2},"end":{"line":397,"column":71}}},"16":{"name":"getBuildingsIdAndIndex","line":414,"loc":{"start":{"line":414,"column":2},"end":{"line":414,"column":82}}},"17":{"name":"getIdAndBlocks","line":434,"loc":{"start":{"line":434,"column":2},"end":{"line":434,"column":82}}},"18":{"name":"getBuildingIdAndEndBlock","line":456,"loc":{"start":{"line":456,"column":2},"end":{"line":456,"column":112}}},"19":{"name":"getBuildingIndex","line":469,"loc":{"start":{"line":469,"column":2},"end":{"line":469,"column":101}}},"20":{"name":"getUserQueueResources","line":484,"loc":{"start":{"line":484,"column":2},"end":{"line":484,"column":100}}}},"statementMap":{"1":{"start":{"line":75,"column":4},"end":{"line":75,"column":48}},"2":{"start":{"line":84,"column":4},"end":{"line":84,"column":48}},"3":{"start":{"line":93,"column":4},"end":{"line":93,"column":48}},"4":{"start":{"line":102,"column":4},"end":{"line":102,"column":49}},"5":{"start":{"line":104,"column":4},"end":{"line":104,"column":53}},"6":{"start":{"line":106,"column":4},"end":{"line":106,"column":66}},"7":{"start":{"line":111,"column":4},"end":{"line":111,"column":69}},"8":{"start":{"line":114,"column":4},"end":{"line":114,"column":52}},"9":{"start":{"line":116,"column":4},"end":{"line":116,"column":46}},"10":{"start":{"line":117,"column":4},"end":{"line":117,"column":62}},"11":{"start":{"line":118,"column":4},"end":{"line":118,"column":41}},"12":{"start":{"line":127,"column":4},"end":{"line":127,"column":4362}},"13":{"start":{"line":143,"column":4},"end":{"line":143,"column":31}},"14":{"start":{"line":144,"column":4},"end":{"line":144,"column":48}},"15":{"start":{"line":146,"column":4},"end":{"line":146,"column":49}},"16":{"start":{"line":147,"column":4},"end":{"line":147,"column":13}},"17":{"start":{"line":149,"column":4},"end":{"line":149,"column":5131}},"18":{"start":{"line":153,"column":4},"end":{"line":153,"column":44}},"19":{"start":{"line":154,"column":4},"end":{"line":154,"column":48}},"20":{"start":{"line":156,"column":4},"end":{"line":156,"column":5330}},"21":{"start":{"line":157,"column":6},"end":{"line":157,"column":53}},"22":{"start":{"line":158,"column":6},"end":{"line":158,"column":12}},"23":{"start":{"line":161,"column":4},"end":{"line":161,"column":5425}},"24":{"start":{"line":162,"column":6},"end":{"line":162,"column":58}},"25":{"start":{"line":163,"column":6},"end":{"line":163,"column":33}},"26":{"start":{"line":164,"column":6},"end":{"line":164,"column":40}},"27":{"start":{"line":167,"column":4},"end":{"line":167,"column":79}},"28":{"start":{"line":169,"column":4},"end":{"line":169,"column":40}},"29":{"start":{"line":171,"column":4},"end":{"line":171,"column":51}},"30":{"start":{"line":183,"column":4},"end":{"line":183,"column":49}},"31":{"start":{"line":184,"column":4},"end":{"line":184,"column":58}},"32":{"start":{"line":185,"column":4},"end":{"line":185,"column":57}},"33":{"start":{"line":189,"column":4},"end":{"line":189,"column":91}},"34":{"start":{"line":191,"column":4},"end":{"line":191,"column":6538}},"35":{"start":{"line":192,"column":6},"end":{"line":192,"column":28}},"36":{"start":{"line":195,"column":4},"end":{"line":195,"column":66}},"37":{"start":{"line":200,"column":4},"end":{"line":200,"column":69}},"38":{"start":{"line":201,"column":4},"end":{"line":201,"column":52}},"39":{"start":{"line":203,"column":4},"end":{"line":203,"column":46}},"40":{"start":{"line":204,"column":4},"end":{"line":204,"column":41}},"41":{"start":{"line":210,"column":4},"end":{"line":210,"column":62}},"42":{"start":{"line":221,"column":4},"end":{"line":221,"column":49}},"43":{"start":{"line":226,"column":4},"end":{"line":226,"column":91}},"44":{"start":{"line":230,"column":4},"end":{"line":230,"column":7761}},"45":{"start":{"line":231,"column":6},"end":{"line":231,"column":7794}},"46":{"start":{"line":232,"column":10},"end":{"line":232,"column":60}},"47":{"start":{"line":234,"column":6},"end":{"line":234,"column":68}},"48":{"start":{"line":237,"column":4},"end":{"line":237,"column":36}},"49":{"start":{"line":238,"column":4},"end":{"line":238,"column":40}},"50":{"start":{"line":240,"column":4},"end":{"line":240,"column":15}},"51":{"start":{"line":241,"column":4},"end":{"line":241,"column":22}},"52":{"start":{"line":245,"column":4},"end":{"line":245,"column":42}},"53":{"start":{"line":259,"column":4},"end":{"line":259,"column":8795}},"54":{"start":{"line":260,"column":6},"end":{"line":260,"column":8865}},"55":{"start":{"line":261,"column":8},"end":{"line":261,"column":24}},"56":{"start":{"line":264,"column":4},"end":{"line":264,"column":21}},"57":{"start":{"line":276,"column":4},"end":{"line":276,"column":9420}},"58":{"start":{"line":278,"column":6},"end":{"line":278,"column":93}},"59":{"start":{"line":279,"column":6},"end":{"line":279,"column":9657}},"60":{"start":{"line":280,"column":8},"end":{"line":280,"column":9695}},"61":{"start":{"line":281,"column":10},"end":{"line":281,"column":94}},"62":{"start":{"line":283,"column":8},"end":{"line":283,"column":9883}},"63":{"start":{"line":284,"column":10},"end":{"line":284,"column":71}},"64":{"start":{"line":286,"column":8},"end":{"line":286,"column":95}},"65":{"start":{"line":288,"column":8},"end":{"line":288,"column":90}},"66":{"start":{"line":289,"column":8},"end":{"line":289,"column":95}},"67":{"start":{"line":304,"column":8},"end":{"line":304,"column":59}},"68":{"start":{"line":306,"column":8},"end":{"line":306,"column":10980}},"69":{"start":{"line":307,"column":12},"end":{"line":307,"column":80}},"70":{"start":{"line":309,"column":8},"end":{"line":309,"column":11148}},"71":{"start":{"line":312,"column":8},"end":{"line":312,"column":50}},"72":{"start":{"line":313,"column":8},"end":{"line":313,"column":19}},"73":{"start":{"line":324,"column":4},"end":{"line":324,"column":11785}},"74":{"start":{"line":325,"column":6},"end":{"line":325,"column":11860}},"75":{"start":{"line":328,"column":8},"end":{"line":328,"column":70}},"76":{"start":{"line":331,"column":4},"end":{"line":331,"column":40}},"77":{"start":{"line":332,"column":4},"end":{"line":332,"column":15}},"78":{"start":{"line":342,"column":4},"end":{"line":342,"column":31}},"79":{"start":{"line":343,"column":4},"end":{"line":343,"column":48}},"80":{"start":{"line":345,"column":4},"end":{"line":345,"column":83}},"81":{"start":{"line":346,"column":4},"end":{"line":346,"column":43}},"82":{"start":{"line":360,"column":4},"end":{"line":360,"column":74}},"83":{"start":{"line":361,"column":4},"end":{"line":361,"column":13396}},"84":{"start":{"line":362,"column":6},"end":{"line":362,"column":13422}},"85":{"start":{"line":363,"column":8},"end":{"line":363,"column":56}},"86":{"start":{"line":365,"column":6},"end":{"line":365,"column":13521}},"87":{"start":{"line":366,"column":8},"end":{"line":366,"column":59}},"88":{"start":{"line":368,"column":6},"end":{"line":368,"column":13623}},"89":{"start":{"line":369,"column":8},"end":{"line":369,"column":63}},"90":{"start":{"line":381,"column":4},"end":{"line":381,"column":49}},"91":{"start":{"line":382,"column":4},"end":{"line":382,"column":33}},"92":{"start":{"line":383,"column":4},"end":{"line":383,"column":14084}},"93":{"start":{"line":384,"column":6},"end":{"line":384,"column":84}},"94":{"start":{"line":385,"column":6},"end":{"line":385,"column":14197}},"95":{"start":{"line":386,"column":8},"end":{"line":386,"column":41}},"96":{"start":{"line":389,"column":4},"end":{"line":389,"column":21}},"97":{"start":{"line":398,"column":4},"end":{"line":398,"column":31}},"98":{"start":{"line":400,"column":4},"end":{"line":400,"column":49}},"99":{"start":{"line":401,"column":4},"end":{"line":401,"column":47}},"100":{"start":{"line":402,"column":4},"end":{"line":402,"column":14736}},"101":{"start":{"line":403,"column":6},"end":{"line":403,"column":51}},"102":{"start":{"line":405,"column":4},"end":{"line":405,"column":20}},"103":{"start":{"line":415,"column":4},"end":{"line":415,"column":31}},"104":{"start":{"line":417,"column":4},"end":{"line":417,"column":49}},"105":{"start":{"line":418,"column":4},"end":{"line":418,"column":41}},"106":{"start":{"line":419,"column":4},"end":{"line":419,"column":45}},"107":{"start":{"line":420,"column":4},"end":{"line":420,"column":15393}},"108":{"start":{"line":421,"column":6},"end":{"line":421,"column":45}},"109":{"start":{"line":422,"column":6},"end":{"line":422,"column":52}},"110":{"start":{"line":424,"column":4},"end":{"line":424,"column":25}},"111":{"start":{"line":435,"column":4},"end":{"line":435,"column":31}},"112":{"start":{"line":437,"column":4},"end":{"line":437,"column":49}},"113":{"start":{"line":438,"column":4},"end":{"line":438,"column":41}},"114":{"start":{"line":439,"column":4},"end":{"line":439,"column":49}},"115":{"start":{"line":440,"column":4},"end":{"line":440,"column":47}},"116":{"start":{"line":441,"column":4},"end":{"line":441,"column":16202}},"117":{"start":{"line":442,"column":6},"end":{"line":442,"column":45}},"118":{"start":{"line":443,"column":6},"end":{"line":443,"column":61}},"119":{"start":{"line":444,"column":6},"end":{"line":444,"column":57}},"120":{"start":{"line":446,"column":4},"end":{"line":446,"column":40}},"121":{"start":{"line":457,"column":4},"end":{"line":457,"column":60}},"122":{"start":{"line":458,"column":4},"end":{"line":458,"column":107}},"123":{"start":{"line":470,"column":4},"end":{"line":470,"column":31}},"124":{"start":{"line":471,"column":4},"end":{"line":471,"column":60}},"125":{"start":{"line":473,"column":4},"end":{"line":473,"column":104}},"126":{"start":{"line":488,"column":4},"end":{"line":488,"column":59}},"127":{"start":{"line":491,"column":2},"end":{"line":491,"column":18338}},"128":{"start":{"line":492,"column":6},"end":{"line":492,"column":18408}},"129":{"start":{"line":493,"column":8},"end":{"line":493,"column":102}},"130":{"start":{"line":495,"column":8},"end":{"line":495,"column":18584}},"131":{"start":{"line":496,"column":10},"end":{"line":496,"column":81}},"132":{"start":{"line":498,"column":10},"end":{"line":498,"column":55}},"133":{"start":{"line":502,"column":8},"end":{"line":502,"column":18822}},"134":{"start":{"line":503,"column":10},"end":{"line":503,"column":18850}},"135":{"start":{"line":504,"column":12},"end":{"line":504,"column":76}},"136":{"start":{"line":507,"column":10},"end":{"line":507,"column":18972}},"137":{"start":{"line":508,"column":12},"end":{"line":508,"column":85}},"138":{"start":{"line":514,"column":4},"end":{"line":514,"column":36}}},"branchMap":{"1":{"line":102,"type":"if","locations":[{"start":{"line":102,"column":4},"end":{"line":102,"column":4}},{"start":{"line":102,"column":4},"end":{"line":102,"column":4}}]},"2":{"line":106,"type":"if","locations":[{"start":{"line":106,"column":4},"end":{"line":106,"column":4}},{"start":{"line":106,"column":4},"end":{"line":106,"column":4}}]},"3":{"line":143,"type":"if","locations":[{"start":{"line":143,"column":4},"end":{"line":143,"column":4}},{"start":{"line":143,"column":4},"end":{"line":143,"column":4}}]},"4":{"line":144,"type":"if","locations":[{"start":{"line":144,"column":4},"end":{"line":144,"column":4}},{"start":{"line":144,"column":4},"end":{"line":144,"column":4}}]},"5":{"line":156,"type":"if","locations":[{"start":{"line":156,"column":4},"end":{"line":156,"column":4}},{"start":{"line":156,"column":4},"end":{"line":156,"column":4}}]},"6":{"line":167,"type":"if","locations":[{"start":{"line":167,"column":4},"end":{"line":167,"column":4}},{"start":{"line":167,"column":4},"end":{"line":167,"column":4}}]},"7":{"line":169,"type":"if","locations":[{"start":{"line":169,"column":4},"end":{"line":169,"column":4}},{"start":{"line":169,"column":4},"end":{"line":169,"column":4}}]},"8":{"line":183,"type":"if","locations":[{"start":{"line":183,"column":4},"end":{"line":183,"column":4}},{"start":{"line":183,"column":4},"end":{"line":183,"column":4}}]},"9":{"line":184,"type":"if","locations":[{"start":{"line":184,"column":4},"end":{"line":184,"column":4}},{"start":{"line":184,"column":4},"end":{"line":184,"column":4}}]},"10":{"line":185,"type":"if","locations":[{"start":{"line":185,"column":4},"end":{"line":185,"column":4}},{"start":{"line":185,"column":4},"end":{"line":185,"column":4}}]},"11":{"line":191,"type":"if","locations":[{"start":{"line":191,"column":4},"end":{"line":191,"column":4}},{"start":{"line":191,"column":4},"end":{"line":191,"column":4}}]},"12":{"line":195,"type":"if","locations":[{"start":{"line":195,"column":4},"end":{"line":195,"column":4}},{"start":{"line":195,"column":4},"end":{"line":195,"column":4}}]},"13":{"line":221,"type":"if","locations":[{"start":{"line":221,"column":4},"end":{"line":221,"column":4}},{"start":{"line":221,"column":4},"end":{"line":221,"column":4}}]},"14":{"line":230,"type":"if","locations":[{"start":{"line":230,"column":4},"end":{"line":230,"column":4}},{"start":{"line":230,"column":4},"end":{"line":230,"column":4}}]},"15":{"line":231,"type":"if","locations":[{"start":{"line":231,"column":6},"end":{"line":231,"column":6}},{"start":{"line":231,"column":6},"end":{"line":231,"column":6}}]},"16":{"line":234,"type":"if","locations":[{"start":{"line":234,"column":6},"end":{"line":234,"column":6}},{"start":{"line":234,"column":6},"end":{"line":234,"column":6}}]},"17":{"line":260,"type":"if","locations":[{"start":{"line":260,"column":6},"end":{"line":260,"column":6}},{"start":{"line":260,"column":6},"end":{"line":260,"column":6}}]},"18":{"line":279,"type":"if","locations":[{"start":{"line":279,"column":6},"end":{"line":279,"column":6}},{"start":{"line":279,"column":6},"end":{"line":279,"column":6}}]},"19":{"line":280,"type":"if","locations":[{"start":{"line":280,"column":8},"end":{"line":280,"column":8}},{"start":{"line":280,"column":8},"end":{"line":280,"column":8}}]},"20":{"line":283,"type":"if","locations":[{"start":{"line":283,"column":8},"end":{"line":283,"column":8}},{"start":{"line":283,"column":8},"end":{"line":283,"column":8}}]},"21":{"line":304,"type":"if","locations":[{"start":{"line":304,"column":8},"end":{"line":304,"column":8}},{"start":{"line":304,"column":8},"end":{"line":304,"column":8}}]},"22":{"line":325,"type":"if","locations":[{"start":{"line":325,"column":6},"end":{"line":325,"column":6}},{"start":{"line":325,"column":6},"end":{"line":325,"column":6}}]},"23":{"line":342,"type":"if","locations":[{"start":{"line":342,"column":4},"end":{"line":342,"column":4}},{"start":{"line":342,"column":4},"end":{"line":342,"column":4}}]},"24":{"line":343,"type":"if","locations":[{"start":{"line":343,"column":4},"end":{"line":343,"column":4}},{"start":{"line":343,"column":4},"end":{"line":343,"column":4}}]},"25":{"line":360,"type":"if","locations":[{"start":{"line":360,"column":4},"end":{"line":360,"column":4}},{"start":{"line":360,"column":4},"end":{"line":360,"column":4}}]},"26":{"line":361,"type":"if","locations":[{"start":{"line":361,"column":4},"end":{"line":361,"column":4}},{"start":{"line":361,"column":4},"end":{"line":361,"column":4}}]},"27":{"line":362,"type":"if","locations":[{"start":{"line":362,"column":6},"end":{"line":362,"column":6}},{"start":{"line":362,"column":6},"end":{"line":362,"column":6}}]},"28":{"line":363,"type":"if","locations":[{"start":{"line":363,"column":8},"end":{"line":363,"column":8}},{"start":{"line":363,"column":8},"end":{"line":363,"column":8}}]},"29":{"line":365,"type":"if","locations":[{"start":{"line":365,"column":6},"end":{"line":365,"column":6}},{"start":{"line":365,"column":6},"end":{"line":365,"column":6}}]},"30":{"line":366,"type":"if","locations":[{"start":{"line":366,"column":8},"end":{"line":366,"column":8}},{"start":{"line":366,"column":8},"end":{"line":366,"column":8}}]},"31":{"line":368,"type":"if","locations":[{"start":{"line":368,"column":6},"end":{"line":368,"column":6}},{"start":{"line":368,"column":6},"end":{"line":368,"column":6}}]},"32":{"line":369,"type":"if","locations":[{"start":{"line":369,"column":8},"end":{"line":369,"column":8}},{"start":{"line":369,"column":8},"end":{"line":369,"column":8}}]},"33":{"line":383,"type":"if","locations":[{"start":{"line":383,"column":4},"end":{"line":383,"column":4}},{"start":{"line":383,"column":4},"end":{"line":383,"column":4}}]},"34":{"line":385,"type":"if","locations":[{"start":{"line":385,"column":6},"end":{"line":385,"column":6}},{"start":{"line":385,"column":6},"end":{"line":385,"column":6}}]},"35":{"line":398,"type":"if","locations":[{"start":{"line":398,"column":4},"end":{"line":398,"column":4}},{"start":{"line":398,"column":4},"end":{"line":398,"column":4}}]},"36":{"line":415,"type":"if","locations":[{"start":{"line":415,"column":4},"end":{"line":415,"column":4}},{"start":{"line":415,"column":4},"end":{"line":415,"column":4}}]},"37":{"line":435,"type":"if","locations":[{"start":{"line":435,"column":4},"end":{"line":435,"column":4}},{"start":{"line":435,"column":4},"end":{"line":435,"column":4}}]},"38":{"line":457,"type":"if","locations":[{"start":{"line":457,"column":4},"end":{"line":457,"column":4}},{"start":{"line":457,"column":4},"end":{"line":457,"column":4}}]},"39":{"line":470,"type":"if","locations":[{"start":{"line":470,"column":4},"end":{"line":470,"column":4}},{"start":{"line":470,"column":4},"end":{"line":470,"column":4}}]},"40":{"line":471,"type":"if","locations":[{"start":{"line":471,"column":4},"end":{"line":471,"column":4}},{"start":{"line":471,"column":4},"end":{"line":471,"column":4}}]},"41":{"line":492,"type":"if","locations":[{"start":{"line":492,"column":6},"end":{"line":492,"column":6}},{"start":{"line":492,"column":6},"end":{"line":492,"column":6}}]},"42":{"line":495,"type":"if","locations":[{"start":{"line":495,"column":8},"end":{"line":495,"column":8}},{"start":{"line":495,"column":8},"end":{"line":495,"column":8}}]},"43":{"line":502,"type":"if","locations":[{"start":{"line":502,"column":8},"end":{"line":502,"column":8}},{"start":{"line":502,"column":8},"end":{"line":502,"column":8}}]},"44":{"line":503,"type":"if","locations":[{"start":{"line":503,"column":10},"end":{"line":503,"column":10}},{"start":{"line":503,"column":10},"end":{"line":503,"column":10}}]},"45":{"line":507,"type":"if","locations":[{"start":{"line":507,"column":10},"end":{"line":507,"column":10}},{"start":{"line":507,"column":10},"end":{"line":507,"column":10}}]}}},"contracts/UserBuildings.sol":{"l":{"74":89,"83":108,"92":89,"101":37,"110":74,"124":6,"126":5,"128":4,"130":4,"131":4,"134":3,"135":3,"138":3,"140":3,"151":68,"153":67,"154":189,"157":65,"158":187,"161":65,"163":65,"175":61,"176":60,"178":59,"180":59,"182":59,"195":16,"196":15,"198":14,"199":15,"200":14,"201":13,"204":12,"206":12,"208":12,"221":5,"222":4,"223":3,"225":2,"227":2,"237":15,"238":15,"239":15,"240":56,"242":15,"253":9,"266":12,"267":12,"268":12,"269":12,"270":13,"271":13,"272":13,"273":13,"274":8,"276":13,"277":4,"279":13,"280":1,"284":12,"294":83,"295":83,"297":83,"298":289,"299":215,"300":215,"301":71,"304":215,"305":73,"310":83,"321":64,"322":64,"323":64,"324":216,"325":2,"327":214,"329":62},"path":"/Users/lbertenasco/Experimental/crypto-wars-solidity/contracts/UserBuildings.sol","s":{"1":89,"2":108,"3":89,"4":37,"5":74,"6":6,"7":5,"8":4,"9":4,"10":4,"11":3,"12":3,"13":3,"14":3,"15":68,"16":67,"17":189,"18":65,"19":65,"20":65,"21":61,"22":60,"23":59,"24":59,"25":16,"26":15,"27":14,"28":15,"29":14,"30":13,"31":12,"32":12,"33":12,"34":5,"35":4,"36":3,"37":2,"38":2,"39":15,"40":15,"41":15,"42":56,"43":15,"44":9,"45":12,"46":13,"47":13,"48":13,"49":13,"50":13,"51":13,"52":12,"53":83,"54":289,"55":215,"56":215,"57":71,"58":215,"59":73,"60":83,"61":64,"62":64,"63":64,"64":216,"65":2,"66":62},"b":{"1":[5,1],"2":[4,1],"3":[3,1],"4":[67,1],"5":[187,2],"6":[60,1],"7":[59,1],"8":[15,1],"9":[14,1],"10":[14,1],"11":[13,1],"12":[12,0],"13":[4,1],"14":[3,1],"15":[2,1],"16":[13,0],"17":[8,5],"18":[4,9],"19":[1,12],"20":[215,74],"21":[71,144],"22":[73,142],"23":[2,214]},"f":{"1":89,"2":108,"3":89,"4":37,"5":74,"6":6,"7":68,"8":61,"9":16,"10":5,"11":15,"12":9,"13":12,"14":83,"15":64},"fnMap":{"1":{"name":"UserBuildings","line":73,"loc":{"start":{"line":73,"column":2},"end":{"line":73,"column":48}}},"2":{"name":"setUserVillage","line":82,"loc":{"start":{"line":82,"column":2},"end":{"line":82,"column":66}}},"3":{"name":"setUserResources","line":91,"loc":{"start":{"line":91,"column":2},"end":{"line":91,"column":70}}},"4":{"name":"setBuildingsData","line":100,"loc":{"start":{"line":100,"column":2},"end":{"line":100,"column":70}}},"5":{"name":"setBuildingsQueue","line":109,"loc":{"start":{"line":109,"column":2},"end":{"line":109,"column":72}}},"6":{"name":"addUserBuildings","line":123,"loc":{"start":{"line":123,"column":2},"end":{"line":123,"column":96}}},"7":{"name":"addInitialBuildings","line":150,"loc":{"start":{"line":150,"column":2},"end":{"line":150,"column":82}}},"8":{"name":"initNewBuilding","line":174,"loc":{"start":{"line":174,"column":2},"end":{"line":174,"column":81}}},"9":{"name":"removeUserBuildings","line":194,"loc":{"start":{"line":194,"column":2},"end":{"line":194,"column":99}}},"10":{"name":"upgradeBuilding","line":220,"loc":{"start":{"line":220,"column":2},"end":{"line":220,"column":88}}},"11":{"name":"getUserBuildings","line":236,"loc":{"start":{"line":236,"column":2},"end":{"line":236,"column":68}}},"12":{"name":"getUserBuildingIdAndStatus","line":252,"loc":{"start":{"line":252,"column":2},"end":{"line":252,"column":105}}},"13":{"name":"returnResourcesToUser","line":264,"loc":{"start":{"line":264,"column":2},"end":{"line":264,"column":84}}},"14":{"name":"getUserRates","line":293,"loc":{"start":{"line":293,"column":2},"end":{"line":293,"column":99}}},"15":{"name":"buildingTypeIsUnique","line":320,"loc":{"start":{"line":320,"column":2},"end":{"line":320,"column":82}}}},"statementMap":{"1":{"start":{"line":74,"column":4},"end":{"line":74,"column":48}},"2":{"start":{"line":83,"column":4},"end":{"line":83,"column":42}},"3":{"start":{"line":92,"column":4},"end":{"line":92,"column":48}},"4":{"start":{"line":101,"column":4},"end":{"line":101,"column":48}},"5":{"start":{"line":110,"column":4},"end":{"line":110,"column":51}},"6":{"start":{"line":124,"column":4},"end":{"line":124,"column":49}},"7":{"start":{"line":126,"column":4},"end":{"line":126,"column":42}},"8":{"start":{"line":128,"column":4},"end":{"line":128,"column":28}},"9":{"start":{"line":130,"column":4},"end":{"line":130,"column":4456}},"10":{"start":{"line":131,"column":6},"end":{"line":131,"column":55}},"11":{"start":{"line":134,"column":4},"end":{"line":134,"column":4561}},"12":{"start":{"line":135,"column":6},"end":{"line":135,"column":64}},"13":{"start":{"line":138,"column":4},"end":{"line":138,"column":42}},"14":{"start":{"line":140,"column":4},"end":{"line":140,"column":15}},"15":{"start":{"line":151,"column":4},"end":{"line":151,"column":46}},"16":{"start":{"line":153,"column":4},"end":{"line":153,"column":5175}},"17":{"start":{"line":154,"column":6},"end":{"line":154,"column":55}},"18":{"start":{"line":157,"column":4},"end":{"line":157,"column":5285}},"19":{"start":{"line":161,"column":4},"end":{"line":161,"column":35}},"20":{"start":{"line":163,"column":4},"end":{"line":163,"column":15}},"21":{"start":{"line":175,"column":4},"end":{"line":175,"column":49}},"22":{"start":{"line":176,"column":4},"end":{"line":176,"column":49}},"23":{"start":{"line":180,"column":4},"end":{"line":180,"column":58}},"24":{"start":{"line":182,"column":4},"end":{"line":182,"column":42}},"25":{"start":{"line":195,"column":4},"end":{"line":195,"column":49}},"26":{"start":{"line":196,"column":4},"end":{"line":196,"column":42}},"27":{"start":{"line":198,"column":4},"end":{"line":198,"column":6866}},"28":{"start":{"line":199,"column":6},"end":{"line":199,"column":55}},"29":{"start":{"line":200,"column":6},"end":{"line":200,"column":61}},"30":{"start":{"line":201,"column":6},"end":{"line":201,"column":53}},"31":{"start":{"line":204,"column":4},"end":{"line":204,"column":46}},"32":{"start":{"line":206,"column":4},"end":{"line":206,"column":45}},"33":{"start":{"line":208,"column":4},"end":{"line":208,"column":15}},"34":{"start":{"line":221,"column":4},"end":{"line":221,"column":31}},"35":{"start":{"line":222,"column":4},"end":{"line":222,"column":49}},"36":{"start":{"line":223,"column":4},"end":{"line":223,"column":50}},"37":{"start":{"line":225,"column":4},"end":{"line":225,"column":46}},"38":{"start":{"line":227,"column":4},"end":{"line":227,"column":15}},"39":{"start":{"line":237,"column":4},"end":{"line":237,"column":44}},"40":{"start":{"line":238,"column":4},"end":{"line":238,"column":49}},"41":{"start":{"line":239,"column":4},"end":{"line":239,"column":8316}},"42":{"start":{"line":240,"column":6},"end":{"line":240,"column":48}},"43":{"start":{"line":242,"column":4},"end":{"line":242,"column":22}},"44":{"start":{"line":253,"column":4},"end":{"line":253,"column":81}},"45":{"start":{"line":269,"column":4},"end":{"line":269,"column":9605}},"46":{"start":{"line":270,"column":6},"end":{"line":270,"column":75}},"47":{"start":{"line":271,"column":6},"end":{"line":271,"column":9732}},"48":{"start":{"line":272,"column":8},"end":{"line":272,"column":33}},"49":{"start":{"line":273,"column":8},"end":{"line":273,"column":9795}},"50":{"start":{"line":276,"column":8},"end":{"line":276,"column":9903}},"51":{"start":{"line":279,"column":8},"end":{"line":279,"column":10011}},"52":{"start":{"line":284,"column":4},"end":{"line":284,"column":15}},"53":{"start":{"line":297,"column":2},"end":{"line":297,"column":10580}},"54":{"start":{"line":298,"column":6},"end":{"line":298,"column":10645}},"55":{"start":{"line":299,"column":8},"end":{"line":299,"column":97}},"56":{"start":{"line":300,"column":8},"end":{"line":300,"column":10801}},"57":{"start":{"line":301,"column":10},"end":{"line":301,"column":62}},"58":{"start":{"line":304,"column":8},"end":{"line":304,"column":10905}},"59":{"start":{"line":305,"column":10},"end":{"line":305,"column":71}},"60":{"start":{"line":310,"column":4},"end":{"line":310,"column":44}},"61":{"start":{"line":321,"column":4},"end":{"line":321,"column":21}},"62":{"start":{"line":322,"column":4},"end":{"line":322,"column":13}},"63":{"start":{"line":323,"column":4},"end":{"line":323,"column":11576}},"64":{"start":{"line":324,"column":6},"end":{"line":324,"column":11636}},"65":{"start":{"line":325,"column":8},"end":{"line":325,"column":20}},"66":{"start":{"line":329,"column":4},"end":{"line":329,"column":17}}},"branchMap":{"1":{"line":124,"type":"if","locations":[{"start":{"line":124,"column":4},"end":{"line":124,"column":4}},{"start":{"line":124,"column":4},"end":{"line":124,"column":4}}]},"2":{"line":126,"type":"if","locations":[{"start":{"line":126,"column":4},"end":{"line":126,"column":4}},{"start":{"line":126,"column":4},"end":{"line":126,"column":4}}]},"3":{"line":131,"type":"if","locations":[{"start":{"line":131,"column":6},"end":{"line":131,"column":6}},{"start":{"line":131,"column":6},"end":{"line":131,"column":6}}]},"4":{"line":151,"type":"if","locations":[{"start":{"line":151,"column":4},"end":{"line":151,"column":4}},{"start":{"line":151,"column":4},"end":{"line":151,"column":4}}]},"5":{"line":154,"type":"if","locations":[{"start":{"line":154,"column":6},"end":{"line":154,"column":6}},{"start":{"line":154,"column":6},"end":{"line":154,"column":6}}]},"6":{"line":175,"type":"if","locations":[{"start":{"line":175,"column":4},"end":{"line":175,"column":4}},{"start":{"line":175,"column":4},"end":{"line":175,"column":4}}]},"7":{"line":176,"type":"if","locations":[{"start":{"line":176,"column":4},"end":{"line":176,"column":4}},{"start":{"line":176,"column":4},"end":{"line":176,"column":4}}]},"8":{"line":195,"type":"if","locations":[{"start":{"line":195,"column":4},"end":{"line":195,"column":4}},{"start":{"line":195,"column":4},"end":{"line":195,"column":4}}]},"9":{"line":196,"type":"if","locations":[{"start":{"line":196,"column":4},"end":{"line":196,"column":4}},{"start":{"line":196,"column":4},"end":{"line":196,"column":4}}]},"10":{"line":199,"type":"if","locations":[{"start":{"line":199,"column":6},"end":{"line":199,"column":6}},{"start":{"line":199,"column":6},"end":{"line":199,"column":6}}]},"11":{"line":200,"type":"if","locations":[{"start":{"line":200,"column":6},"end":{"line":200,"column":6}},{"start":{"line":200,"column":6},"end":{"line":200,"column":6}}]},"12":{"line":204,"type":"if","locations":[{"start":{"line":204,"column":4},"end":{"line":204,"column":4}},{"start":{"line":204,"column":4},"end":{"line":204,"column":4}}]},"13":{"line":221,"type":"if","locations":[{"start":{"line":221,"column":4},"end":{"line":221,"column":4}},{"start":{"line":221,"column":4},"end":{"line":221,"column":4}}]},"14":{"line":222,"type":"if","locations":[{"start":{"line":222,"column":4},"end":{"line":222,"column":4}},{"start":{"line":222,"column":4},"end":{"line":222,"column":4}}]},"15":{"line":223,"type":"if","locations":[{"start":{"line":223,"column":4},"end":{"line":223,"column":4}},{"start":{"line":223,"column":4},"end":{"line":223,"column":4}}]},"16":{"line":271,"type":"if","locations":[{"start":{"line":271,"column":6},"end":{"line":271,"column":6}},{"start":{"line":271,"column":6},"end":{"line":271,"column":6}}]},"17":{"line":273,"type":"if","locations":[{"start":{"line":273,"column":8},"end":{"line":273,"column":8}},{"start":{"line":273,"column":8},"end":{"line":273,"column":8}}]},"18":{"line":276,"type":"if","locations":[{"start":{"line":276,"column":8},"end":{"line":276,"column":8}},{"start":{"line":276,"column":8},"end":{"line":276,"column":8}}]},"19":{"line":279,"type":"if","locations":[{"start":{"line":279,"column":8},"end":{"line":279,"column":8}},{"start":{"line":279,"column":8},"end":{"line":279,"column":8}}]},"20":{"line":298,"type":"if","locations":[{"start":{"line":298,"column":6},"end":{"line":298,"column":6}},{"start":{"line":298,"column":6},"end":{"line":298,"column":6}}]},"21":{"line":300,"type":"if","locations":[{"start":{"line":300,"column":8},"end":{"line":300,"column":8}},{"start":{"line":300,"column":8},"end":{"line":300,"column":8}}]},"22":{"line":304,"type":"if","locations":[{"start":{"line":304,"column":8},"end":{"line":304,"column":8}},{"start":{"line":304,"column":8},"end":{"line":304,"column":8}}]},"23":{"line":324,"type":"if","locations":[{"start":{"line":324,"column":6},"end":{"line":324,"column":6}},{"start":{"line":324,"column":6},"end":{"line":324,"column":6}}]}}},"contracts/UserResources.sol":{"l":{"100":96,"109":49,"118":80,"128":67,"129":66,"131":64,"132":64,"133":64,"134":64,"136":64,"137":64,"148":51,"163":12,"164":11,"166":12,"167":11,"169":12,"170":11,"173":12,"183":34,"184":33,"185":32,"186":31,"188":31,"190":31,"200":30,"201":29,"202":28,"203":28,"205":28,"207":28,"217":4,"218":3,"219":2,"221":2,"223":2,"238":55,"242":54,"243":54,"244":54,"246":54,"256":65,"257":64,"266":75,"268":75,"269":75,"270":75,"272":75,"274":75,"275":66,"279":75,"280":67,"285":75,"286":75,"288":75,"290":73,"291":3,"295":73,"296":3,"301":73,"303":73,"314":6},"path":"/Users/lbertenasco/Experimental/crypto-wars-solidity/contracts/UserResources.sol","s":{"1":96,"2":49,"3":80,"4":67,"5":66,"6":64,"7":64,"8":64,"9":64,"10":64,"11":64,"12":51,"13":12,"14":11,"15":12,"16":11,"17":12,"18":11,"19":12,"20":34,"21":33,"22":32,"23":31,"24":31,"25":31,"26":30,"27":29,"28":28,"29":28,"30":28,"31":28,"32":4,"33":3,"34":2,"35":2,"36":2,"37":55,"38":54,"39":54,"40":54,"41":54,"42":65,"43":64,"44":75,"45":75,"46":75,"47":75,"48":75,"49":75,"50":66,"51":75,"52":67,"53":75,"54":75,"55":75,"56":73,"57":3,"58":73,"59":3,"60":73,"61":73,"62":6},"b":{"1":[66,1],"2":[64,2],"3":[11,1],"4":[11,1],"5":[11,1],"6":[33,1],"7":[31,1],"8":[29,1],"9":[28,0],"10":[3,1],"11":[2,1],"12":[54,1],"13":[64,1],"14":[75,0],"15":[66,9],"16":[67,8],"17":[3,70],"18":[3,70]},"f":{"1":96,"2":49,"3":80,"4":67,"5":51,"6":12,"7":34,"8":30,"9":4,"10":55,"11":65,"12":75,"13":6},"fnMap":{"1":{"name":"setUserVillage","line":99,"loc":{"start":{"line":99,"column":1},"end":{"line":99,"column":66}}},"2":{"name":"setBuildingsQueue","line":108,"loc":{"start":{"line":108,"column":1},"end":{"line":108,"column":72}}},"3":{"name":"setUserBuildings","line":117,"loc":{"start":{"line":117,"column":1},"end":{"line":117,"column":70}}},"4":{"name":"initUserResources","line":127,"loc":{"start":{"line":127,"column":1},"end":{"line":127,"column":67}}},"5":{"name":"getUserResources","line":145,"loc":{"start":{"line":145,"column":1},"end":{"line":147,"column":50}}},"6":{"name":"setInitialResources","line":160,"loc":{"start":{"line":160,"column":1},"end":{"line":162,"column":55}}},"7":{"name":"consumeGold","line":182,"loc":{"start":{"line":182,"column":1},"end":{"line":182,"column":74}}},"8":{"name":"consumeCrystal","line":199,"loc":{"start":{"line":199,"column":1},"end":{"line":199,"column":77}}},"9":{"name":"consumeQuantumDust","line":216,"loc":{"start":{"line":216,"column":1},"end":{"line":216,"column":81}}},"10":{"name":"giveResourcesToUser","line":234,"loc":{"start":{"line":234,"column":1},"end":{"line":237,"column":45}}},"11":{"name":"initPayoutBlock","line":255,"loc":{"start":{"line":255,"column":1},"end":{"line":255,"column":50}}},"12":{"name":"payoutResources","line":265,"loc":{"start":{"line":265,"column":1},"end":{"line":265,"column":48}}},"13":{"name":"getUserPayoutBlock","line":313,"loc":{"start":{"line":313,"column":1},"end":{"line":313,"column":68}}}},"statementMap":{"1":{"start":{"line":100,"column":2},"end":{"line":100,"column":40}},"2":{"start":{"line":109,"column":2},"end":{"line":109,"column":49}},"3":{"start":{"line":118,"column":2},"end":{"line":118,"column":46}},"4":{"start":{"line":128,"column":2},"end":{"line":128,"column":44}},"5":{"start":{"line":129,"column":2},"end":{"line":129,"column":44}},"6":{"start":{"line":131,"column":2},"end":{"line":131,"column":41}},"7":{"start":{"line":132,"column":2},"end":{"line":132,"column":41}},"8":{"start":{"line":133,"column":2},"end":{"line":133,"column":47}},"9":{"start":{"line":134,"column":2},"end":{"line":134,"column":55}},"10":{"start":{"line":136,"column":2},"end":{"line":136,"column":74}},"11":{"start":{"line":137,"column":2},"end":{"line":137,"column":13}},"12":{"start":{"line":148,"column":2},"end":{"line":148,"column":4839}},"13":{"start":{"line":163,"column":2},"end":{"line":163,"column":5399}},"14":{"start":{"line":164,"column":5},"end":{"line":164,"column":23}},"15":{"start":{"line":166,"column":2},"end":{"line":166,"column":5474}},"16":{"start":{"line":167,"column":5},"end":{"line":167,"column":29}},"17":{"start":{"line":169,"column":2},"end":{"line":169,"column":5564}},"18":{"start":{"line":170,"column":5},"end":{"line":170,"column":37}},"19":{"start":{"line":173,"column":2},"end":{"line":173,"column":51}},"20":{"start":{"line":183,"column":2},"end":{"line":183,"column":47}},"21":{"start":{"line":184,"column":2},"end":{"line":184,"column":23}},"22":{"start":{"line":185,"column":2},"end":{"line":185,"column":46}},"23":{"start":{"line":186,"column":2},"end":{"line":186,"column":78}},"24":{"start":{"line":188,"column":2},"end":{"line":188,"column":27}},"25":{"start":{"line":190,"column":2},"end":{"line":190,"column":13}},"26":{"start":{"line":200,"column":2},"end":{"line":200,"column":47}},"27":{"start":{"line":201,"column":2},"end":{"line":201,"column":23}},"28":{"start":{"line":202,"column":2},"end":{"line":202,"column":49}},"29":{"start":{"line":203,"column":2},"end":{"line":203,"column":84}},"30":{"start":{"line":205,"column":2},"end":{"line":205,"column":30}},"31":{"start":{"line":207,"column":2},"end":{"line":207,"column":13}},"32":{"start":{"line":217,"column":2},"end":{"line":217,"column":47}},"33":{"start":{"line":218,"column":2},"end":{"line":218,"column":53}},"34":{"start":{"line":219,"column":2},"end":{"line":219,"column":92}},"35":{"start":{"line":221,"column":2},"end":{"line":221,"column":30}},"36":{"start":{"line":223,"column":2},"end":{"line":223,"column":13}},"37":{"start":{"line":238,"column":2},"end":{"line":238,"column":8136}},"38":{"start":{"line":242,"column":2},"end":{"line":242,"column":36}},"39":{"start":{"line":243,"column":2},"end":{"line":243,"column":42}},"40":{"start":{"line":244,"column":2},"end":{"line":244,"column":50}},"41":{"start":{"line":246,"column":2},"end":{"line":246,"column":58}},"42":{"start":{"line":256,"column":2},"end":{"line":256,"column":44}},"43":{"start":{"line":257,"column":2},"end":{"line":257,"column":39}},"44":{"start":{"line":266,"column":3},"end":{"line":266,"column":68}},"45":{"start":{"line":268,"column":2},"end":{"line":268,"column":9093}},"46":{"start":{"line":269,"column":3},"end":{"line":269,"column":19}},"47":{"start":{"line":270,"column":3},"end":{"line":270,"column":22}},"48":{"start":{"line":272,"column":3},"end":{"line":272,"column":61}},"49":{"start":{"line":274,"column":3},"end":{"line":274,"column":9226}},"50":{"start":{"line":275,"column":4},"end":{"line":275,"column":9252}},"51":{"start":{"line":279,"column":3},"end":{"line":279,"column":9371}},"52":{"start":{"line":280,"column":4},"end":{"line":280,"column":9399}},"53":{"start":{"line":285,"column":3},"end":{"line":285,"column":15}},"54":{"start":{"line":286,"column":3},"end":{"line":286,"column":18}},"55":{"start":{"line":288,"column":3},"end":{"line":288,"column":63}},"56":{"start":{"line":290,"column":3},"end":{"line":290,"column":9635}},"57":{"start":{"line":291,"column":4},"end":{"line":291,"column":9657}},"58":{"start":{"line":295,"column":3},"end":{"line":295,"column":9752}},"59":{"start":{"line":296,"column":4},"end":{"line":296,"column":9776}},"60":{"start":{"line":301,"column":3},"end":{"line":301,"column":40}},"61":{"start":{"line":303,"column":3},"end":{"line":303,"column":55}},"62":{"start":{"line":314,"column":2},"end":{"line":314,"column":32}}},"branchMap":{"1":{"line":128,"type":"if","locations":[{"start":{"line":128,"column":2},"end":{"line":128,"column":2}},{"start":{"line":128,"column":2},"end":{"line":128,"column":2}}]},"2":{"line":129,"type":"if","locations":[{"start":{"line":129,"column":2},"end":{"line":129,"column":2}},{"start":{"line":129,"column":2},"end":{"line":129,"column":2}}]},"3":{"line":163,"type":"if","locations":[{"start":{"line":163,"column":2},"end":{"line":163,"column":2}},{"start":{"line":163,"column":2},"end":{"line":163,"column":2}}]},"4":{"line":166,"type":"if","locations":[{"start":{"line":166,"column":2},"end":{"line":166,"column":2}},{"start":{"line":166,"column":2},"end":{"line":166,"column":2}}]},"5":{"line":169,"type":"if","locations":[{"start":{"line":169,"column":2},"end":{"line":169,"column":2}},{"start":{"line":169,"column":2},"end":{"line":169,"column":2}}]},"6":{"line":183,"type":"if","locations":[{"start":{"line":183,"column":2},"end":{"line":183,"column":2}},{"start":{"line":183,"column":2},"end":{"line":183,"column":2}}]},"7":{"line":185,"type":"if","locations":[{"start":{"line":185,"column":2},"end":{"line":185,"column":2}},{"start":{"line":185,"column":2},"end":{"line":185,"column":2}}]},"8":{"line":200,"type":"if","locations":[{"start":{"line":200,"column":2},"end":{"line":200,"column":2}},{"start":{"line":200,"column":2},"end":{"line":200,"column":2}}]},"9":{"line":202,"type":"if","locations":[{"start":{"line":202,"column":2},"end":{"line":202,"column":2}},{"start":{"line":202,"column":2},"end":{"line":202,"column":2}}]},"10":{"line":217,"type":"if","locations":[{"start":{"line":217,"column":2},"end":{"line":217,"column":2}},{"start":{"line":217,"column":2},"end":{"line":217,"column":2}}]},"11":{"line":218,"type":"if","locations":[{"start":{"line":218,"column":2},"end":{"line":218,"column":2}},{"start":{"line":218,"column":2},"end":{"line":218,"column":2}}]},"12":{"line":238,"type":"if","locations":[{"start":{"line":238,"column":2},"end":{"line":238,"column":2}},{"start":{"line":238,"column":2},"end":{"line":238,"column":2}}]},"13":{"line":256,"type":"if","locations":[{"start":{"line":256,"column":2},"end":{"line":256,"column":2}},{"start":{"line":256,"column":2},"end":{"line":256,"column":2}}]},"14":{"line":268,"type":"if","locations":[{"start":{"line":268,"column":2},"end":{"line":268,"column":2}},{"start":{"line":268,"column":2},"end":{"line":268,"column":2}}]},"15":{"line":274,"type":"if","locations":[{"start":{"line":274,"column":3},"end":{"line":274,"column":3}},{"start":{"line":274,"column":3},"end":{"line":274,"column":3}}]},"16":{"line":279,"type":"if","locations":[{"start":{"line":279,"column":3},"end":{"line":279,"column":3}},{"start":{"line":279,"column":3},"end":{"line":279,"column":3}}]},"17":{"line":290,"type":"if","locations":[{"start":{"line":290,"column":3},"end":{"line":290,"column":3}},{"start":{"line":290,"column":3},"end":{"line":290,"column":3}}]},"18":{"line":295,"type":"if","locations":[{"start":{"line":295,"column":3},"end":{"line":295,"column":3}},{"start":{"line":295,"column":3},"end":{"line":295,"column":3}}]}}},"contracts/UserVault.sol":{"l":{"37":95,"46":92,"56":67,"57":67,"58":65,"59":65,"60":65,"70":2,"71":1,"72":1,"81":3},"path":"/Users/lbertenasco/Experimental/crypto-wars-solidity/contracts/UserVault.sol","s":{"1":95,"2":92,"3":67,"4":67,"5":65,"6":65,"7":65,"8":2,"9":1,"10":3},"b":{"1":[67,0],"2":[65,2],"3":[1,1]},"f":{"1":95,"2":92,"3":67,"4":2,"5":3},"fnMap":{"1":{"name":"UserVault","line":36,"loc":{"start":{"line":36,"column":1},"end":{"line":36,"column":48}}},"2":{"name":"setUserVillage","line":45,"loc":{"start":{"line":45,"column":2},"end":{"line":45,"column":66}}},"3":{"name":"add","line":55,"loc":{"start":{"line":55,"column":2},"end":{"line":55,"column":69}}},"4":{"name":"reclaimToken","line":69,"loc":{"start":{"line":69,"column":2},"end":{"line":69,"column":61}}},"5":{"name":"balanceOf","line":80,"loc":{"start":{"line":80,"column":2},"end":{"line":80,"column":79}}}},"statementMap":{"1":{"start":{"line":37,"column":2},"end":{"line":37,"column":58}},"2":{"start":{"line":46,"column":4},"end":{"line":46,"column":42}},"3":{"start":{"line":56,"column":4},"end":{"line":56,"column":46}},"4":{"start":{"line":57,"column":4},"end":{"line":57,"column":64}},"5":{"start":{"line":58,"column":4},"end":{"line":58,"column":49}},"6":{"start":{"line":59,"column":2},"end":{"line":59,"column":25}},"7":{"start":{"line":60,"column":4},"end":{"line":60,"column":15}},"8":{"start":{"line":70,"column":4},"end":{"line":70,"column":39}},"9":{"start":{"line":71,"column":4},"end":{"line":71,"column":43}},"10":{"start":{"line":81,"column":4},"end":{"line":81,"column":26}}},"branchMap":{"1":{"line":56,"type":"if","locations":[{"start":{"line":56,"column":4},"end":{"line":56,"column":4}},{"start":{"line":56,"column":4},"end":{"line":56,"column":4}}]},"2":{"line":57,"type":"if","locations":[{"start":{"line":57,"column":4},"end":{"line":57,"column":4}},{"start":{"line":57,"column":4},"end":{"line":57,"column":4}}]},"3":{"line":70,"type":"if","locations":[{"start":{"line":70,"column":4},"end":{"line":70,"column":4}},{"start":{"line":70,"column":4},"end":{"line":70,"column":4}}]}}},"contracts/UserVillage.sol":{"l":{"47":89,"48":89,"49":89,"58":89,"76":62,"77":61,"78":61,"80":61,"81":61,"82":61,"86":89,"87":88,"88":264,"92":89},"path":"/Users/lbertenasco/Experimental/crypto-wars-solidity/contracts/UserVillage.sol","s":{"1":89,"2":89,"3":89,"4":89,"5":67,"6":66,"7":65,"8":64,"9":63,"10":62,"11":61,"12":61,"13":61,"14":61,"15":89,"16":88,"17":264,"18":89},"b":{"1":[66,1],"2":[65,1],"3":[64,1],"4":[63,1],"5":[62,1],"6":[61,1],"7":[61,0],"8":[88,1],"9":[264,0]},"f":{"1":89,"2":89,"3":67,"4":89},"fnMap":{"1":{"name":"UserVillage","line":44,"loc":{"start":{"line":44,"column":1},"end":{"line":46,"column":37}}},"2":{"name":"setBuildingsData","line":57,"loc":{"start":{"line":57,"column":2},"end":{"line":57,"column":70}}},"3":{"name":"create","line":68,"loc":{"start":{"line":68,"column":2},"end":{"line":68,"column":58}}},"4":{"name":"setInitialBuildings","line":85,"loc":{"start":{"line":85,"column":1},"end":{"line":85,"column":62}}}},"statementMap":{"1":{"start":{"line":47,"column":2},"end":{"line":47,"column":34}},"2":{"start":{"line":48,"column":2},"end":{"line":48,"column":46}},"3":{"start":{"line":49,"column":2},"end":{"line":49,"column":46}},"4":{"start":{"line":58,"column":4},"end":{"line":58,"column":48}},"5":{"start":{"line":69,"column":4},"end":{"line":69,"column":45}},"6":{"start":{"line":70,"column":4},"end":{"line":70,"column":49}},"7":{"start":{"line":71,"column":2},"end":{"line":71,"column":58}},"8":{"start":{"line":72,"column":2},"end":{"line":72,"column":55}},"9":{"start":{"line":75,"column":2},"end":{"line":75,"column":44}},"10":{"start":{"line":76,"column":2},"end":{"line":76,"column":53}},"11":{"start":{"line":78,"column":2},"end":{"line":78,"column":76}},"12":{"start":{"line":80,"column":2},"end":{"line":80,"column":29}},"13":{"start":{"line":81,"column":2},"end":{"line":81,"column":45}},"14":{"start":{"line":82,"column":2},"end":{"line":82,"column":45}},"15":{"start":{"line":86,"column":2},"end":{"line":86,"column":3074}},"16":{"start":{"line":87,"column":3},"end":{"line":87,"column":3101}},"17":{"start":{"line":88,"column":4},"end":{"line":88,"column":53}},"18":{"start":{"line":92,"column":2},"end":{"line":92,"column":27}}},"branchMap":{"1":{"line":69,"type":"if","locations":[{"start":{"line":69,"column":4},"end":{"line":69,"column":4}},{"start":{"line":69,"column":4},"end":{"line":69,"column":4}}]},"2":{"line":70,"type":"if","locations":[{"start":{"line":70,"column":4},"end":{"line":70,"column":4}},{"start":{"line":70,"column":4},"end":{"line":70,"column":4}}]},"3":{"line":71,"type":"if","locations":[{"start":{"line":71,"column":2},"end":{"line":71,"column":2}},{"start":{"line":71,"column":2},"end":{"line":71,"column":2}}]},"4":{"line":72,"type":"if","locations":[{"start":{"line":72,"column":2},"end":{"line":72,"column":2}},{"start":{"line":72,"column":2},"end":{"line":72,"column":2}}]},"5":{"line":75,"type":"if","locations":[{"start":{"line":75,"column":2},"end":{"line":75,"column":2}},{"start":{"line":75,"column":2},"end":{"line":75,"column":2}}]},"6":{"line":76,"type":"if","locations":[{"start":{"line":76,"column":2},"end":{"line":76,"column":2}},{"start":{"line":76,"column":2},"end":{"line":76,"column":2}}]},"7":{"line":78,"type":"if","locations":[{"start":{"line":78,"column":2},"end":{"line":78,"column":2}},{"start":{"line":78,"column":2},"end":{"line":78,"column":2}}]},"8":{"line":86,"type":"if","locations":[{"start":{"line":86,"column":2},"end":{"line":86,"column":2}},{"start":{"line":86,"column":2},"end":{"line":86,"column":2}}]},"9":{"line":88,"type":"if","locations":[{"start":{"line":88,"column":4},"end":{"line":88,"column":4}},{"start":{"line":88,"column":4},"end":{"line":88,"column":4}}]}}}}